<?xml version="1.0" encoding="UTF-8"?>
<robot generator="Robot 4.1 (Python 3.8.5 on win32)" generated="20220425 13:21:01.062" rpa="false" schemaversion="2">
<suite id="s1" name="MainFile" source="C:\Rough\Global Logic\Tests\MainFile.robot">
<kw name="Run Keywords" library="BuiltIn" type="SETUP">
<arg>Get And Set Input Excel Path</arg>
<arg>Open Input Excel</arg>
<doc>Executes all the given keywords in a sequence.</doc>
<kw name="Get And Set Input Excel Path" library="ExcelFunctions">
<doc>Get Input Excel Path</doc>
<kw name="Get Input Excel Environment Variable" library="ExcelFunctions">
<var>${inputExcelPath}</var>
<arg>inputExcelPath</arg>
<kw name="Get Environment Variable" library="OperatingSystem">
<var>${inputExcelPath}</var>
<arg>${environmentVariableName}</arg>
<doc>Returns the value of an environment variable with the given name.</doc>
<msg timestamp="20220425 13:21:02.106" level="INFO">${inputExcelPath} = C:\Rough\Global Logic\GlobalLogic_Test_Values.xlsx</msg>
<status status="PASS" starttime="20220425 13:21:02.105" endtime="20220425 13:21:02.106"/>
</kw>
<msg timestamp="20220425 13:21:02.106" level="INFO">${inputExcelPath} = C:\Rough\Global Logic\GlobalLogic_Test_Values.xlsx</msg>
<status status="PASS" starttime="20220425 13:21:02.105" endtime="20220425 13:21:02.106"/>
</kw>
<kw name="Set Suite Variable" library="BuiltIn">
<arg>${inputExcelPath}</arg>
<arg>${inputExcelPath}</arg>
<doc>Makes a variable available everywhere within the scope of the current suite.</doc>
<msg timestamp="20220425 13:21:02.107" level="INFO">${inputExcelPath} = C:\Rough\Global Logic\GlobalLogic_Test_Values.xlsx</msg>
<status status="PASS" starttime="20220425 13:21:02.106" endtime="20220425 13:21:02.107"/>
</kw>
<status status="PASS" starttime="20220425 13:21:02.104" endtime="20220425 13:21:02.107"/>
</kw>
<kw name="Open Input Excel" library="ExcelFunctions">
<doc>Save Excel Document in environnment variable 'InputExcelPath' and close the excel document</doc>
<kw name="Get Input Excel Environment Variable" library="ExcelFunctions">
<var>${InputExcelPath}</var>
<arg>inputExcelPath</arg>
<kw name="Get Environment Variable" library="OperatingSystem">
<var>${inputExcelPath}</var>
<arg>${environmentVariableName}</arg>
<doc>Returns the value of an environment variable with the given name.</doc>
<msg timestamp="20220425 13:21:02.108" level="INFO">${inputExcelPath} = C:\Rough\Global Logic\GlobalLogic_Test_Values.xlsx</msg>
<status status="PASS" starttime="20220425 13:21:02.107" endtime="20220425 13:21:02.108"/>
</kw>
<msg timestamp="20220425 13:21:02.109" level="INFO">${InputExcelPath} = C:\Rough\Global Logic\GlobalLogic_Test_Values.xlsx</msg>
<status status="PASS" starttime="20220425 13:21:02.107" endtime="20220425 13:21:02.109"/>
</kw>
<kw name="Open Excel Document" library="ExcelLibrary">
<arg>${InputExcelPath}</arg>
<arg>docID</arg>
<doc>Opens xlsx document file.</doc>
<status status="PASS" starttime="20220425 13:21:02.109" endtime="20220425 13:21:02.116"/>
</kw>
<status status="PASS" starttime="20220425 13:21:02.107" endtime="20220425 13:21:02.116"/>
</kw>
<status status="PASS" starttime="20220425 13:21:02.104" endtime="20220425 13:21:02.116"/>
</kw>
<test id="s1-t1" name="Validate Boundry Value">
<kw name="GetColumnIndexInExcelSheet" library="ExcelFunctions">
<var>${NumbersColumnIndex}</var>
<arg>${InputSheet}</arg>
<arg>Numbers</arg>
<kw name="Read Excel Row" library="ExcelLibrary">
<var>${getColumnsInFirstRow}</var>
<arg>1</arg>
<arg>sheet_name=${sheetName}</arg>
<doc>Returns content of a row from the current sheet of the document.</doc>
<msg timestamp="20220425 13:21:02.118" level="INFO">${getColumnsInFirstRow} = ['Numbers', 'Output']</msg>
<status status="PASS" starttime="20220425 13:21:02.118" endtime="20220425 13:21:02.118"/>
</kw>
<kw name="Get Index From List" library="Collections">
<var>${columnIndex}</var>
<arg>${getColumnsInFirstRow}</arg>
<arg>${columnName}</arg>
<doc>Returns the index of the first occurrence of the ``value`` on the list.</doc>
<msg timestamp="20220425 13:21:02.119" level="INFO">${columnIndex} = 0</msg>
<status status="PASS" starttime="20220425 13:21:02.118" endtime="20220425 13:21:02.119"/>
</kw>
<kw name="Increment A Variable" library="ExcelFunctions">
<var>${columnIndex}</var>
<arg>${columnIndex}</arg>
<kw name="Evaluate" library="BuiltIn">
<var>${variableToBeIncremented}</var>
<arg>${variableToBeIncremented} + int(${1})</arg>
<doc>Evaluates the given expression in Python and returns the result.</doc>
<msg timestamp="20220425 13:21:02.120" level="INFO">${variableToBeIncremented} = 1</msg>
<status status="PASS" starttime="20220425 13:21:02.119" endtime="20220425 13:21:02.120"/>
</kw>
<msg timestamp="20220425 13:21:02.120" level="INFO">${columnIndex} = 1</msg>
<status status="PASS" starttime="20220425 13:21:02.119" endtime="20220425 13:21:02.120"/>
</kw>
<msg timestamp="20220425 13:21:02.120" level="INFO">${NumbersColumnIndex} = 1</msg>
<status status="PASS" starttime="20220425 13:21:02.117" endtime="20220425 13:21:02.120"/>
</kw>
<kw name="GetColumnIndexInExcelSheet" library="ExcelFunctions">
<var>${OutputColumnIndex}</var>
<arg>${InputSheet}</arg>
<arg>Output</arg>
<kw name="Read Excel Row" library="ExcelLibrary">
<var>${getColumnsInFirstRow}</var>
<arg>1</arg>
<arg>sheet_name=${sheetName}</arg>
<doc>Returns content of a row from the current sheet of the document.</doc>
<msg timestamp="20220425 13:21:02.121" level="INFO">${getColumnsInFirstRow} = ['Numbers', 'Output']</msg>
<status status="PASS" starttime="20220425 13:21:02.121" endtime="20220425 13:21:02.121"/>
</kw>
<kw name="Get Index From List" library="Collections">
<var>${columnIndex}</var>
<arg>${getColumnsInFirstRow}</arg>
<arg>${columnName}</arg>
<doc>Returns the index of the first occurrence of the ``value`` on the list.</doc>
<msg timestamp="20220425 13:21:02.122" level="INFO">${columnIndex} = 1</msg>
<status status="PASS" starttime="20220425 13:21:02.122" endtime="20220425 13:21:02.122"/>
</kw>
<kw name="Increment A Variable" library="ExcelFunctions">
<var>${columnIndex}</var>
<arg>${columnIndex}</arg>
<kw name="Evaluate" library="BuiltIn">
<var>${variableToBeIncremented}</var>
<arg>${variableToBeIncremented} + int(${1})</arg>
<doc>Evaluates the given expression in Python and returns the result.</doc>
<msg timestamp="20220425 13:21:02.123" level="INFO">${variableToBeIncremented} = 2</msg>
<status status="PASS" starttime="20220425 13:21:02.122" endtime="20220425 13:21:02.123"/>
</kw>
<msg timestamp="20220425 13:21:02.123" level="INFO">${columnIndex} = 2</msg>
<status status="PASS" starttime="20220425 13:21:02.122" endtime="20220425 13:21:02.123"/>
</kw>
<msg timestamp="20220425 13:21:02.124" level="INFO">${OutputColumnIndex} = 2</msg>
<status status="PASS" starttime="20220425 13:21:02.121" endtime="20220425 13:21:02.124"/>
</kw>
<kw name="Read Excel Column" library="ExcelLibrary">
<var>${NumbersList}</var>
<arg>${NumbersColumnIndex}</arg>
<arg>sheet_name=${InputSheet}</arg>
<doc>Returns content of a column from the current sheet of the document.</doc>
<msg timestamp="20220425 13:21:02.125" level="INFO">${NumbersList} = ['Numbers', 100, 101, 99, 13, -99, -100, -101, 12]</msg>
<status status="PASS" starttime="20220425 13:21:02.124" endtime="20220425 13:21:02.125"/>
</kw>
<kw name="Remove From List" library="Collections">
<arg>${NumbersList}</arg>
<arg>0</arg>
<doc>Removes and returns the value specified with an ``index`` from ``list``.</doc>
<status status="PASS" starttime="20220425 13:21:02.125" endtime="20220425 13:21:02.125"/>
</kw>
<kw name="Get Length" library="BuiltIn">
<var>${IterationCount}</var>
<arg>${NumbersList}</arg>
<doc>Returns and logs the length of the given item as an integer.</doc>
<msg timestamp="20220425 13:21:02.125" level="INFO">Length is 8</msg>
<msg timestamp="20220425 13:21:02.126" level="INFO">${IterationCount} = 8</msg>
<status status="PASS" starttime="20220425 13:21:02.125" endtime="20220425 13:21:02.126"/>
</kw>
<for flavor="IN">
<var>${EachNumbers}</var>
<value>@{NumbersList}</value>
<iter>
<var name="${EachNumbers}">100</var>
<kw name="Check Boundary Values" library="TestFunctions">
<var>${KeywordOutput}</var>
<arg>${EachNumbers}</arg>
<doc>This Keyword will validate the pre, post and given value of the Funtion</doc>
<kw name="Set Suite Variable" library="BuiltIn">
<arg>${KeywordOutput}</arg>
<arg>${EMPTY}</arg>
<doc>Makes a variable available everywhere within the scope of the current suite.</doc>
<msg timestamp="20220425 13:21:02.128" level="INFO">${KeywordOutput} = </msg>
<status status="PASS" starttime="20220425 13:21:02.127" endtime="20220425 13:21:02.128"/>
</kw>
<if>
<branch type="IF" condition="${BoundaryNum}&gt;100 or ${BoundaryNum}&lt;-100 or ${BoundaryNum}==13">
<kw name="Run Keyword And Return Status" library="BuiltIn">
<var>${Status}</var>
<arg>run keyword and expect error</arg>
<arg>System error</arg>
<arg>output</arg>
<arg>${BoundaryNum}</arg>
<doc>Runs the given keyword with given arguments and returns the status as a Boolean value.</doc>
<status status="NOT RUN" starttime="20220425 13:21:02.128" endtime="20220425 13:21:02.128"/>
</kw>
<if>
<branch type="IF" condition="${Status}">
<kw name="Set Suite Variable" library="BuiltIn">
<arg>${KeywordOutput}</arg>
<arg>System error</arg>
<doc>Makes a variable available everywhere within the scope of the current suite.</doc>
<status status="NOT RUN" starttime="20220425 13:21:02.128" endtime="20220425 13:21:02.128"/>
</kw>
<status status="NOT RUN" starttime="20220425 13:21:02.128" endtime="20220425 13:21:02.128"/>
</branch>
<branch type="ELSE">
<kw name="Set Suite Variable" library="BuiltIn">
<arg>${KeywordOutput}</arg>
<arg>Unexpected Error</arg>
<doc>Makes a variable available everywhere within the scope of the current suite.</doc>
<status status="NOT RUN" starttime="20220425 13:21:02.129" endtime="20220425 13:21:02.129"/>
</kw>
<status status="NOT RUN" starttime="20220425 13:21:02.129" endtime="20220425 13:21:02.129"/>
</branch>
<status status="NOT RUN" starttime="20220425 13:21:02.128" endtime="20220425 13:21:02.129"/>
</if>
<status status="NOT RUN" starttime="20220425 13:21:02.128" endtime="20220425 13:21:02.129"/>
</branch>
<branch type="ELSE">
<kw name="Run Keyword And Return Status" library="BuiltIn">
<var>${Status}</var>
<arg>output</arg>
<arg>${BoundaryNum}</arg>
<doc>Runs the given keyword with given arguments and returns the status as a Boolean value.</doc>
<kw name="Output" library="Function">
<arg>${BoundaryNum}</arg>
<msg timestamp="20220425 13:21:02.129" level="INFO">0</msg>
<status status="PASS" starttime="20220425 13:21:02.129" endtime="20220425 13:21:02.129"/>
</kw>
<msg timestamp="20220425 13:21:02.130" level="INFO">${Status} = True</msg>
<status status="PASS" starttime="20220425 13:21:02.129" endtime="20220425 13:21:02.130"/>
</kw>
<if>
<branch type="IF" condition="${Status}">
<kw name="Evaluate" library="BuiltIn">
<var>${KeywordOutput}</var>
<arg>10//${BoundaryNum}</arg>
<doc>Evaluates the given expression in Python and returns the result.</doc>
<msg timestamp="20220425 13:21:02.130" level="INFO">${KeywordOutput} = 0</msg>
<status status="PASS" starttime="20220425 13:21:02.130" endtime="20220425 13:21:02.130"/>
</kw>
<status status="PASS" starttime="20220425 13:21:02.130" endtime="20220425 13:21:02.130"/>
</branch>
<branch type="ELSE">
<kw name="Set Suite Variable" library="BuiltIn">
<arg>${KeywordOutput}</arg>
<arg>System Error</arg>
<doc>Makes a variable available everywhere within the scope of the current suite.</doc>
<status status="NOT RUN" starttime="20220425 13:21:02.130" endtime="20220425 13:21:02.130"/>
</kw>
<status status="NOT RUN" starttime="20220425 13:21:02.130" endtime="20220425 13:21:02.130"/>
</branch>
<status status="PASS" starttime="20220425 13:21:02.130" endtime="20220425 13:21:02.130"/>
</if>
<status status="PASS" starttime="20220425 13:21:02.129" endtime="20220425 13:21:02.130"/>
</branch>
<status status="PASS" starttime="20220425 13:21:02.128" endtime="20220425 13:21:02.130"/>
</if>
<msg timestamp="20220425 13:21:02.131" level="INFO">${KeywordOutput} = 0</msg>
<status status="PASS" starttime="20220425 13:21:02.126" endtime="20220425 13:21:02.131"/>
</kw>
<if>
<branch type="IF" condition="'${KeywordOutput}' != '${EMPTY}'">
<kw name="Write Excel Cell" library="ExcelLibrary">
<arg>${ExcelRowNumber}</arg>
<arg>${OutputColumnIndex}</arg>
<arg>${KeywordOutput}</arg>
<arg>${InputSheet}</arg>
<doc>Writes value to the cell.</doc>
<status status="PASS" starttime="20220425 13:21:02.131" endtime="20220425 13:21:02.131"/>
</kw>
<status status="PASS" starttime="20220425 13:21:02.131" endtime="20220425 13:21:02.131"/>
</branch>
<branch type="ELSE">
<kw name="Write Excel Cell" library="ExcelLibrary">
<arg>${ExcelRowNumber}</arg>
<arg>${OutputColumnIndex}</arg>
<arg>${KeywordOutput}</arg>
<arg>${InputSheet}</arg>
<doc>Writes value to the cell.</doc>
<status status="NOT RUN" starttime="20220425 13:21:02.132" endtime="20220425 13:21:02.132"/>
</kw>
<status status="NOT RUN" starttime="20220425 13:21:02.131" endtime="20220425 13:21:02.132"/>
</branch>
<status status="PASS" starttime="20220425 13:21:02.131" endtime="20220425 13:21:02.132"/>
</if>
<kw name="Increment A Variable" library="ExcelFunctions">
<var>${ExcelRowNumber}</var>
<arg>${ExcelRowNumber}</arg>
<kw name="Evaluate" library="BuiltIn">
<var>${variableToBeIncremented}</var>
<arg>${variableToBeIncremented} + int(${1})</arg>
<doc>Evaluates the given expression in Python and returns the result.</doc>
<msg timestamp="20220425 13:21:02.133" level="INFO">${variableToBeIncremented} = 3</msg>
<status status="PASS" starttime="20220425 13:21:02.132" endtime="20220425 13:21:02.133"/>
</kw>
<msg timestamp="20220425 13:21:02.133" level="INFO">${ExcelRowNumber} = 3</msg>
<status status="PASS" starttime="20220425 13:21:02.132" endtime="20220425 13:21:02.133"/>
</kw>
<status status="PASS" starttime="20220425 13:21:02.126" endtime="20220425 13:21:02.133"/>
</iter>
<iter>
<var name="${EachNumbers}">101</var>
<kw name="Check Boundary Values" library="TestFunctions">
<var>${KeywordOutput}</var>
<arg>${EachNumbers}</arg>
<doc>This Keyword will validate the pre, post and given value of the Funtion</doc>
<kw name="Set Suite Variable" library="BuiltIn">
<arg>${KeywordOutput}</arg>
<arg>${EMPTY}</arg>
<doc>Makes a variable available everywhere within the scope of the current suite.</doc>
<msg timestamp="20220425 13:21:02.134" level="INFO">${KeywordOutput} = </msg>
<status status="PASS" starttime="20220425 13:21:02.134" endtime="20220425 13:21:02.134"/>
</kw>
<if>
<branch type="IF" condition="${BoundaryNum}&gt;100 or ${BoundaryNum}&lt;-100 or ${BoundaryNum}==13">
<kw name="Run Keyword And Return Status" library="BuiltIn">
<var>${Status}</var>
<arg>run keyword and expect error</arg>
<arg>System error</arg>
<arg>output</arg>
<arg>${BoundaryNum}</arg>
<doc>Runs the given keyword with given arguments and returns the status as a Boolean value.</doc>
<kw name="Run Keyword And Expect Error" library="BuiltIn">
<arg>System error</arg>
<arg>output</arg>
<arg>${BoundaryNum}</arg>
<doc>Runs the keyword and checks that the expected error occurred.</doc>
<kw name="Output" library="Function">
<arg>${BoundaryNum}</arg>
<msg timestamp="20220425 13:21:02.136" level="FAIL">System error</msg>
<status status="FAIL" starttime="20220425 13:21:02.135" endtime="20220425 13:21:02.136"/>
</kw>
<status status="PASS" starttime="20220425 13:21:02.135" endtime="20220425 13:21:02.136"/>
</kw>
<msg timestamp="20220425 13:21:02.136" level="INFO">${Status} = True</msg>
<status status="PASS" starttime="20220425 13:21:02.134" endtime="20220425 13:21:02.136"/>
</kw>
<if>
<branch type="IF" condition="${Status}">
<kw name="Set Suite Variable" library="BuiltIn">
<arg>${KeywordOutput}</arg>
<arg>System error</arg>
<doc>Makes a variable available everywhere within the scope of the current suite.</doc>
<msg timestamp="20220425 13:21:02.137" level="INFO">${KeywordOutput} = System error</msg>
<status status="PASS" starttime="20220425 13:21:02.137" endtime="20220425 13:21:02.137"/>
</kw>
<status status="PASS" starttime="20220425 13:21:02.137" endtime="20220425 13:21:02.137"/>
</branch>
<branch type="ELSE">
<kw name="Set Suite Variable" library="BuiltIn">
<arg>${KeywordOutput}</arg>
<arg>Unexpected Error</arg>
<doc>Makes a variable available everywhere within the scope of the current suite.</doc>
<status status="NOT RUN" starttime="20220425 13:21:02.137" endtime="20220425 13:21:02.137"/>
</kw>
<status status="NOT RUN" starttime="20220425 13:21:02.137" endtime="20220425 13:21:02.137"/>
</branch>
<status status="PASS" starttime="20220425 13:21:02.136" endtime="20220425 13:21:02.137"/>
</if>
<status status="PASS" starttime="20220425 13:21:02.134" endtime="20220425 13:21:02.137"/>
</branch>
<branch type="ELSE">
<kw name="Run Keyword And Return Status" library="BuiltIn">
<var>${Status}</var>
<arg>output</arg>
<arg>${BoundaryNum}</arg>
<doc>Runs the given keyword with given arguments and returns the status as a Boolean value.</doc>
<status status="NOT RUN" starttime="20220425 13:21:02.138" endtime="20220425 13:21:02.138"/>
</kw>
<if>
<branch type="IF" condition="${Status}">
<kw name="Evaluate" library="BuiltIn">
<var>${KeywordOutput}</var>
<arg>10//${BoundaryNum}</arg>
<doc>Evaluates the given expression in Python and returns the result.</doc>
<status status="NOT RUN" starttime="20220425 13:21:02.138" endtime="20220425 13:21:02.138"/>
</kw>
<status status="NOT RUN" starttime="20220425 13:21:02.138" endtime="20220425 13:21:02.138"/>
</branch>
<branch type="ELSE">
<kw name="Set Suite Variable" library="BuiltIn">
<arg>${KeywordOutput}</arg>
<arg>System Error</arg>
<doc>Makes a variable available everywhere within the scope of the current suite.</doc>
<status status="NOT RUN" starttime="20220425 13:21:02.138" endtime="20220425 13:21:02.138"/>
</kw>
<status status="NOT RUN" starttime="20220425 13:21:02.138" endtime="20220425 13:21:02.138"/>
</branch>
<status status="NOT RUN" starttime="20220425 13:21:02.138" endtime="20220425 13:21:02.138"/>
</if>
<status status="NOT RUN" starttime="20220425 13:21:02.137" endtime="20220425 13:21:02.138"/>
</branch>
<status status="PASS" starttime="20220425 13:21:02.134" endtime="20220425 13:21:02.138"/>
</if>
<msg timestamp="20220425 13:21:02.138" level="INFO">${KeywordOutput} = System error</msg>
<status status="PASS" starttime="20220425 13:21:02.133" endtime="20220425 13:21:02.138"/>
</kw>
<if>
<branch type="IF" condition="'${KeywordOutput}' != '${EMPTY}'">
<kw name="Write Excel Cell" library="ExcelLibrary">
<arg>${ExcelRowNumber}</arg>
<arg>${OutputColumnIndex}</arg>
<arg>${KeywordOutput}</arg>
<arg>${InputSheet}</arg>
<doc>Writes value to the cell.</doc>
<status status="PASS" starttime="20220425 13:21:02.139" endtime="20220425 13:21:02.140"/>
</kw>
<status status="PASS" starttime="20220425 13:21:02.139" endtime="20220425 13:21:02.140"/>
</branch>
<branch type="ELSE">
<kw name="Write Excel Cell" library="ExcelLibrary">
<arg>${ExcelRowNumber}</arg>
<arg>${OutputColumnIndex}</arg>
<arg>${KeywordOutput}</arg>
<arg>${InputSheet}</arg>
<doc>Writes value to the cell.</doc>
<status status="NOT RUN" starttime="20220425 13:21:02.140" endtime="20220425 13:21:02.140"/>
</kw>
<status status="NOT RUN" starttime="20220425 13:21:02.140" endtime="20220425 13:21:02.140"/>
</branch>
<status status="PASS" starttime="20220425 13:21:02.138" endtime="20220425 13:21:02.140"/>
</if>
<kw name="Increment A Variable" library="ExcelFunctions">
<var>${ExcelRowNumber}</var>
<arg>${ExcelRowNumber}</arg>
<kw name="Evaluate" library="BuiltIn">
<var>${variableToBeIncremented}</var>
<arg>${variableToBeIncremented} + int(${1})</arg>
<doc>Evaluates the given expression in Python and returns the result.</doc>
<msg timestamp="20220425 13:21:02.141" level="INFO">${variableToBeIncremented} = 4</msg>
<status status="PASS" starttime="20220425 13:21:02.141" endtime="20220425 13:21:02.141"/>
</kw>
<msg timestamp="20220425 13:21:02.142" level="INFO">${ExcelRowNumber} = 4</msg>
<status status="PASS" starttime="20220425 13:21:02.140" endtime="20220425 13:21:02.142"/>
</kw>
<status status="PASS" starttime="20220425 13:21:02.133" endtime="20220425 13:21:02.142"/>
</iter>
<iter>
<var name="${EachNumbers}">99</var>
<kw name="Check Boundary Values" library="TestFunctions">
<var>${KeywordOutput}</var>
<arg>${EachNumbers}</arg>
<doc>This Keyword will validate the pre, post and given value of the Funtion</doc>
<kw name="Set Suite Variable" library="BuiltIn">
<arg>${KeywordOutput}</arg>
<arg>${EMPTY}</arg>
<doc>Makes a variable available everywhere within the scope of the current suite.</doc>
<msg timestamp="20220425 13:21:02.143" level="INFO">${KeywordOutput} = </msg>
<status status="PASS" starttime="20220425 13:21:02.142" endtime="20220425 13:21:02.143"/>
</kw>
<if>
<branch type="IF" condition="${BoundaryNum}&gt;100 or ${BoundaryNum}&lt;-100 or ${BoundaryNum}==13">
<kw name="Run Keyword And Return Status" library="BuiltIn">
<var>${Status}</var>
<arg>run keyword and expect error</arg>
<arg>System error</arg>
<arg>output</arg>
<arg>${BoundaryNum}</arg>
<doc>Runs the given keyword with given arguments and returns the status as a Boolean value.</doc>
<status status="NOT RUN" starttime="20220425 13:21:02.143" endtime="20220425 13:21:02.143"/>
</kw>
<if>
<branch type="IF" condition="${Status}">
<kw name="Set Suite Variable" library="BuiltIn">
<arg>${KeywordOutput}</arg>
<arg>System error</arg>
<doc>Makes a variable available everywhere within the scope of the current suite.</doc>
<status status="NOT RUN" starttime="20220425 13:21:02.143" endtime="20220425 13:21:02.144"/>
</kw>
<status status="NOT RUN" starttime="20220425 13:21:02.143" endtime="20220425 13:21:02.144"/>
</branch>
<branch type="ELSE">
<kw name="Set Suite Variable" library="BuiltIn">
<arg>${KeywordOutput}</arg>
<arg>Unexpected Error</arg>
<doc>Makes a variable available everywhere within the scope of the current suite.</doc>
<status status="NOT RUN" starttime="20220425 13:21:02.144" endtime="20220425 13:21:02.144"/>
</kw>
<status status="NOT RUN" starttime="20220425 13:21:02.144" endtime="20220425 13:21:02.144"/>
</branch>
<status status="NOT RUN" starttime="20220425 13:21:02.143" endtime="20220425 13:21:02.144"/>
</if>
<status status="NOT RUN" starttime="20220425 13:21:02.143" endtime="20220425 13:21:02.144"/>
</branch>
<branch type="ELSE">
<kw name="Run Keyword And Return Status" library="BuiltIn">
<var>${Status}</var>
<arg>output</arg>
<arg>${BoundaryNum}</arg>
<doc>Runs the given keyword with given arguments and returns the status as a Boolean value.</doc>
<kw name="Output" library="Function">
<arg>${BoundaryNum}</arg>
<msg timestamp="20220425 13:21:02.144" level="INFO">0</msg>
<status status="PASS" starttime="20220425 13:21:02.144" endtime="20220425 13:21:02.144"/>
</kw>
<msg timestamp="20220425 13:21:02.145" level="INFO">${Status} = True</msg>
<status status="PASS" starttime="20220425 13:21:02.144" endtime="20220425 13:21:02.145"/>
</kw>
<if>
<branch type="IF" condition="${Status}">
<kw name="Evaluate" library="BuiltIn">
<var>${KeywordOutput}</var>
<arg>10//${BoundaryNum}</arg>
<doc>Evaluates the given expression in Python and returns the result.</doc>
<msg timestamp="20220425 13:21:02.145" level="INFO">${KeywordOutput} = 0</msg>
<status status="PASS" starttime="20220425 13:21:02.145" endtime="20220425 13:21:02.145"/>
</kw>
<status status="PASS" starttime="20220425 13:21:02.145" endtime="20220425 13:21:02.145"/>
</branch>
<branch type="ELSE">
<kw name="Set Suite Variable" library="BuiltIn">
<arg>${KeywordOutput}</arg>
<arg>System Error</arg>
<doc>Makes a variable available everywhere within the scope of the current suite.</doc>
<status status="NOT RUN" starttime="20220425 13:21:02.145" endtime="20220425 13:21:02.145"/>
</kw>
<status status="NOT RUN" starttime="20220425 13:21:02.145" endtime="20220425 13:21:02.146"/>
</branch>
<status status="PASS" starttime="20220425 13:21:02.145" endtime="20220425 13:21:02.146"/>
</if>
<status status="PASS" starttime="20220425 13:21:02.144" endtime="20220425 13:21:02.146"/>
</branch>
<status status="PASS" starttime="20220425 13:21:02.143" endtime="20220425 13:21:02.146"/>
</if>
<msg timestamp="20220425 13:21:02.146" level="INFO">${KeywordOutput} = 0</msg>
<status status="PASS" starttime="20220425 13:21:02.142" endtime="20220425 13:21:02.146"/>
</kw>
<if>
<branch type="IF" condition="'${KeywordOutput}' != '${EMPTY}'">
<kw name="Write Excel Cell" library="ExcelLibrary">
<arg>${ExcelRowNumber}</arg>
<arg>${OutputColumnIndex}</arg>
<arg>${KeywordOutput}</arg>
<arg>${InputSheet}</arg>
<doc>Writes value to the cell.</doc>
<status status="PASS" starttime="20220425 13:21:02.146" endtime="20220425 13:21:02.147"/>
</kw>
<status status="PASS" starttime="20220425 13:21:02.146" endtime="20220425 13:21:02.147"/>
</branch>
<branch type="ELSE">
<kw name="Write Excel Cell" library="ExcelLibrary">
<arg>${ExcelRowNumber}</arg>
<arg>${OutputColumnIndex}</arg>
<arg>${KeywordOutput}</arg>
<arg>${InputSheet}</arg>
<doc>Writes value to the cell.</doc>
<status status="NOT RUN" starttime="20220425 13:21:02.147" endtime="20220425 13:21:02.147"/>
</kw>
<status status="NOT RUN" starttime="20220425 13:21:02.147" endtime="20220425 13:21:02.147"/>
</branch>
<status status="PASS" starttime="20220425 13:21:02.146" endtime="20220425 13:21:02.147"/>
</if>
<kw name="Increment A Variable" library="ExcelFunctions">
<var>${ExcelRowNumber}</var>
<arg>${ExcelRowNumber}</arg>
<kw name="Evaluate" library="BuiltIn">
<var>${variableToBeIncremented}</var>
<arg>${variableToBeIncremented} + int(${1})</arg>
<doc>Evaluates the given expression in Python and returns the result.</doc>
<msg timestamp="20220425 13:21:02.148" level="INFO">${variableToBeIncremented} = 5</msg>
<status status="PASS" starttime="20220425 13:21:02.148" endtime="20220425 13:21:02.148"/>
</kw>
<msg timestamp="20220425 13:21:02.149" level="INFO">${ExcelRowNumber} = 5</msg>
<status status="PASS" starttime="20220425 13:21:02.147" endtime="20220425 13:21:02.149"/>
</kw>
<status status="PASS" starttime="20220425 13:21:02.142" endtime="20220425 13:21:02.149"/>
</iter>
<iter>
<var name="${EachNumbers}">13</var>
<kw name="Check Boundary Values" library="TestFunctions">
<var>${KeywordOutput}</var>
<arg>${EachNumbers}</arg>
<doc>This Keyword will validate the pre, post and given value of the Funtion</doc>
<kw name="Set Suite Variable" library="BuiltIn">
<arg>${KeywordOutput}</arg>
<arg>${EMPTY}</arg>
<doc>Makes a variable available everywhere within the scope of the current suite.</doc>
<msg timestamp="20220425 13:21:02.150" level="INFO">${KeywordOutput} = </msg>
<status status="PASS" starttime="20220425 13:21:02.149" endtime="20220425 13:21:02.150"/>
</kw>
<if>
<branch type="IF" condition="${BoundaryNum}&gt;100 or ${BoundaryNum}&lt;-100 or ${BoundaryNum}==13">
<kw name="Run Keyword And Return Status" library="BuiltIn">
<var>${Status}</var>
<arg>run keyword and expect error</arg>
<arg>System error</arg>
<arg>output</arg>
<arg>${BoundaryNum}</arg>
<doc>Runs the given keyword with given arguments and returns the status as a Boolean value.</doc>
<kw name="Run Keyword And Expect Error" library="BuiltIn">
<arg>System error</arg>
<arg>output</arg>
<arg>${BoundaryNum}</arg>
<doc>Runs the keyword and checks that the expected error occurred.</doc>
<kw name="Output" library="Function">
<arg>${BoundaryNum}</arg>
<msg timestamp="20220425 13:21:02.151" level="FAIL">System error</msg>
<status status="FAIL" starttime="20220425 13:21:02.150" endtime="20220425 13:21:02.151"/>
</kw>
<status status="PASS" starttime="20220425 13:21:02.150" endtime="20220425 13:21:02.151"/>
</kw>
<msg timestamp="20220425 13:21:02.151" level="INFO">${Status} = True</msg>
<status status="PASS" starttime="20220425 13:21:02.150" endtime="20220425 13:21:02.151"/>
</kw>
<if>
<branch type="IF" condition="${Status}">
<kw name="Set Suite Variable" library="BuiltIn">
<arg>${KeywordOutput}</arg>
<arg>System error</arg>
<doc>Makes a variable available everywhere within the scope of the current suite.</doc>
<msg timestamp="20220425 13:21:02.152" level="INFO">${KeywordOutput} = System error</msg>
<status status="PASS" starttime="20220425 13:21:02.152" endtime="20220425 13:21:02.152"/>
</kw>
<status status="PASS" starttime="20220425 13:21:02.151" endtime="20220425 13:21:02.152"/>
</branch>
<branch type="ELSE">
<kw name="Set Suite Variable" library="BuiltIn">
<arg>${KeywordOutput}</arg>
<arg>Unexpected Error</arg>
<doc>Makes a variable available everywhere within the scope of the current suite.</doc>
<status status="NOT RUN" starttime="20220425 13:21:02.152" endtime="20220425 13:21:02.152"/>
</kw>
<status status="NOT RUN" starttime="20220425 13:21:02.152" endtime="20220425 13:21:02.152"/>
</branch>
<status status="PASS" starttime="20220425 13:21:02.151" endtime="20220425 13:21:02.152"/>
</if>
<status status="PASS" starttime="20220425 13:21:02.150" endtime="20220425 13:21:02.152"/>
</branch>
<branch type="ELSE">
<kw name="Run Keyword And Return Status" library="BuiltIn">
<var>${Status}</var>
<arg>output</arg>
<arg>${BoundaryNum}</arg>
<doc>Runs the given keyword with given arguments and returns the status as a Boolean value.</doc>
<status status="NOT RUN" starttime="20220425 13:21:02.152" endtime="20220425 13:21:02.152"/>
</kw>
<if>
<branch type="IF" condition="${Status}">
<kw name="Evaluate" library="BuiltIn">
<var>${KeywordOutput}</var>
<arg>10//${BoundaryNum}</arg>
<doc>Evaluates the given expression in Python and returns the result.</doc>
<status status="NOT RUN" starttime="20220425 13:21:02.153" endtime="20220425 13:21:02.153"/>
</kw>
<status status="NOT RUN" starttime="20220425 13:21:02.152" endtime="20220425 13:21:02.153"/>
</branch>
<branch type="ELSE">
<kw name="Set Suite Variable" library="BuiltIn">
<arg>${KeywordOutput}</arg>
<arg>System Error</arg>
<doc>Makes a variable available everywhere within the scope of the current suite.</doc>
<status status="NOT RUN" starttime="20220425 13:21:02.153" endtime="20220425 13:21:02.153"/>
</kw>
<status status="NOT RUN" starttime="20220425 13:21:02.153" endtime="20220425 13:21:02.153"/>
</branch>
<status status="NOT RUN" starttime="20220425 13:21:02.152" endtime="20220425 13:21:02.153"/>
</if>
<status status="NOT RUN" starttime="20220425 13:21:02.152" endtime="20220425 13:21:02.153"/>
</branch>
<status status="PASS" starttime="20220425 13:21:02.150" endtime="20220425 13:21:02.153"/>
</if>
<msg timestamp="20220425 13:21:02.153" level="INFO">${KeywordOutput} = System error</msg>
<status status="PASS" starttime="20220425 13:21:02.149" endtime="20220425 13:21:02.153"/>
</kw>
<if>
<branch type="IF" condition="'${KeywordOutput}' != '${EMPTY}'">
<kw name="Write Excel Cell" library="ExcelLibrary">
<arg>${ExcelRowNumber}</arg>
<arg>${OutputColumnIndex}</arg>
<arg>${KeywordOutput}</arg>
<arg>${InputSheet}</arg>
<doc>Writes value to the cell.</doc>
<status status="PASS" starttime="20220425 13:21:02.154" endtime="20220425 13:21:02.154"/>
</kw>
<status status="PASS" starttime="20220425 13:21:02.154" endtime="20220425 13:21:02.154"/>
</branch>
<branch type="ELSE">
<kw name="Write Excel Cell" library="ExcelLibrary">
<arg>${ExcelRowNumber}</arg>
<arg>${OutputColumnIndex}</arg>
<arg>${KeywordOutput}</arg>
<arg>${InputSheet}</arg>
<doc>Writes value to the cell.</doc>
<status status="NOT RUN" starttime="20220425 13:21:02.154" endtime="20220425 13:21:02.154"/>
</kw>
<status status="NOT RUN" starttime="20220425 13:21:02.154" endtime="20220425 13:21:02.154"/>
</branch>
<status status="PASS" starttime="20220425 13:21:02.153" endtime="20220425 13:21:02.154"/>
</if>
<kw name="Increment A Variable" library="ExcelFunctions">
<var>${ExcelRowNumber}</var>
<arg>${ExcelRowNumber}</arg>
<kw name="Evaluate" library="BuiltIn">
<var>${variableToBeIncremented}</var>
<arg>${variableToBeIncremented} + int(${1})</arg>
<doc>Evaluates the given expression in Python and returns the result.</doc>
<msg timestamp="20220425 13:21:02.156" level="INFO">${variableToBeIncremented} = 6</msg>
<status status="PASS" starttime="20220425 13:21:02.155" endtime="20220425 13:21:02.156"/>
</kw>
<msg timestamp="20220425 13:21:02.156" level="INFO">${ExcelRowNumber} = 6</msg>
<status status="PASS" starttime="20220425 13:21:02.155" endtime="20220425 13:21:02.157"/>
</kw>
<status status="PASS" starttime="20220425 13:21:02.149" endtime="20220425 13:21:02.157"/>
</iter>
<iter>
<var name="${EachNumbers}">-99</var>
<kw name="Check Boundary Values" library="TestFunctions">
<var>${KeywordOutput}</var>
<arg>${EachNumbers}</arg>
<doc>This Keyword will validate the pre, post and given value of the Funtion</doc>
<kw name="Set Suite Variable" library="BuiltIn">
<arg>${KeywordOutput}</arg>
<arg>${EMPTY}</arg>
<doc>Makes a variable available everywhere within the scope of the current suite.</doc>
<msg timestamp="20220425 13:21:02.157" level="INFO">${KeywordOutput} = </msg>
<status status="PASS" starttime="20220425 13:21:02.157" endtime="20220425 13:21:02.157"/>
</kw>
<if>
<branch type="IF" condition="${BoundaryNum}&gt;100 or ${BoundaryNum}&lt;-100 or ${BoundaryNum}==13">
<kw name="Run Keyword And Return Status" library="BuiltIn">
<var>${Status}</var>
<arg>run keyword and expect error</arg>
<arg>System error</arg>
<arg>output</arg>
<arg>${BoundaryNum}</arg>
<doc>Runs the given keyword with given arguments and returns the status as a Boolean value.</doc>
<status status="NOT RUN" starttime="20220425 13:21:02.158" endtime="20220425 13:21:02.158"/>
</kw>
<if>
<branch type="IF" condition="${Status}">
<kw name="Set Suite Variable" library="BuiltIn">
<arg>${KeywordOutput}</arg>
<arg>System error</arg>
<doc>Makes a variable available everywhere within the scope of the current suite.</doc>
<status status="NOT RUN" starttime="20220425 13:21:02.158" endtime="20220425 13:21:02.158"/>
</kw>
<status status="NOT RUN" starttime="20220425 13:21:02.158" endtime="20220425 13:21:02.158"/>
</branch>
<branch type="ELSE">
<kw name="Set Suite Variable" library="BuiltIn">
<arg>${KeywordOutput}</arg>
<arg>Unexpected Error</arg>
<doc>Makes a variable available everywhere within the scope of the current suite.</doc>
<status status="NOT RUN" starttime="20220425 13:21:02.158" endtime="20220425 13:21:02.158"/>
</kw>
<status status="NOT RUN" starttime="20220425 13:21:02.158" endtime="20220425 13:21:02.158"/>
</branch>
<status status="NOT RUN" starttime="20220425 13:21:02.158" endtime="20220425 13:21:02.158"/>
</if>
<status status="NOT RUN" starttime="20220425 13:21:02.158" endtime="20220425 13:21:02.158"/>
</branch>
<branch type="ELSE">
<kw name="Run Keyword And Return Status" library="BuiltIn">
<var>${Status}</var>
<arg>output</arg>
<arg>${BoundaryNum}</arg>
<doc>Runs the given keyword with given arguments and returns the status as a Boolean value.</doc>
<kw name="Output" library="Function">
<arg>${BoundaryNum}</arg>
<msg timestamp="20220425 13:21:02.159" level="INFO">-1</msg>
<status status="PASS" starttime="20220425 13:21:02.159" endtime="20220425 13:21:02.159"/>
</kw>
<msg timestamp="20220425 13:21:02.159" level="INFO">${Status} = True</msg>
<status status="PASS" starttime="20220425 13:21:02.159" endtime="20220425 13:21:02.159"/>
</kw>
<if>
<branch type="IF" condition="${Status}">
<kw name="Evaluate" library="BuiltIn">
<var>${KeywordOutput}</var>
<arg>10//${BoundaryNum}</arg>
<doc>Evaluates the given expression in Python and returns the result.</doc>
<msg timestamp="20220425 13:21:02.160" level="INFO">${KeywordOutput} = -1</msg>
<status status="PASS" starttime="20220425 13:21:02.159" endtime="20220425 13:21:02.160"/>
</kw>
<status status="PASS" starttime="20220425 13:21:02.159" endtime="20220425 13:21:02.160"/>
</branch>
<branch type="ELSE">
<kw name="Set Suite Variable" library="BuiltIn">
<arg>${KeywordOutput}</arg>
<arg>System Error</arg>
<doc>Makes a variable available everywhere within the scope of the current suite.</doc>
<status status="NOT RUN" starttime="20220425 13:21:02.160" endtime="20220425 13:21:02.160"/>
</kw>
<status status="NOT RUN" starttime="20220425 13:21:02.160" endtime="20220425 13:21:02.160"/>
</branch>
<status status="PASS" starttime="20220425 13:21:02.159" endtime="20220425 13:21:02.160"/>
</if>
<status status="PASS" starttime="20220425 13:21:02.158" endtime="20220425 13:21:02.160"/>
</branch>
<status status="PASS" starttime="20220425 13:21:02.158" endtime="20220425 13:21:02.160"/>
</if>
<msg timestamp="20220425 13:21:02.160" level="INFO">${KeywordOutput} = -1</msg>
<status status="PASS" starttime="20220425 13:21:02.157" endtime="20220425 13:21:02.160"/>
</kw>
<if>
<branch type="IF" condition="'${KeywordOutput}' != '${EMPTY}'">
<kw name="Write Excel Cell" library="ExcelLibrary">
<arg>${ExcelRowNumber}</arg>
<arg>${OutputColumnIndex}</arg>
<arg>${KeywordOutput}</arg>
<arg>${InputSheet}</arg>
<doc>Writes value to the cell.</doc>
<status status="PASS" starttime="20220425 13:21:02.160" endtime="20220425 13:21:02.161"/>
</kw>
<status status="PASS" starttime="20220425 13:21:02.160" endtime="20220425 13:21:02.161"/>
</branch>
<branch type="ELSE">
<kw name="Write Excel Cell" library="ExcelLibrary">
<arg>${ExcelRowNumber}</arg>
<arg>${OutputColumnIndex}</arg>
<arg>${KeywordOutput}</arg>
<arg>${InputSheet}</arg>
<doc>Writes value to the cell.</doc>
<status status="NOT RUN" starttime="20220425 13:21:02.161" endtime="20220425 13:21:02.161"/>
</kw>
<status status="NOT RUN" starttime="20220425 13:21:02.161" endtime="20220425 13:21:02.161"/>
</branch>
<status status="PASS" starttime="20220425 13:21:02.160" endtime="20220425 13:21:02.161"/>
</if>
<kw name="Increment A Variable" library="ExcelFunctions">
<var>${ExcelRowNumber}</var>
<arg>${ExcelRowNumber}</arg>
<kw name="Evaluate" library="BuiltIn">
<var>${variableToBeIncremented}</var>
<arg>${variableToBeIncremented} + int(${1})</arg>
<doc>Evaluates the given expression in Python and returns the result.</doc>
<msg timestamp="20220425 13:21:02.162" level="INFO">${variableToBeIncremented} = 7</msg>
<status status="PASS" starttime="20220425 13:21:02.162" endtime="20220425 13:21:02.162"/>
</kw>
<msg timestamp="20220425 13:21:02.163" level="INFO">${ExcelRowNumber} = 7</msg>
<status status="PASS" starttime="20220425 13:21:02.161" endtime="20220425 13:21:02.163"/>
</kw>
<status status="PASS" starttime="20220425 13:21:02.157" endtime="20220425 13:21:02.163"/>
</iter>
<iter>
<var name="${EachNumbers}">-100</var>
<kw name="Check Boundary Values" library="TestFunctions">
<var>${KeywordOutput}</var>
<arg>${EachNumbers}</arg>
<doc>This Keyword will validate the pre, post and given value of the Funtion</doc>
<kw name="Set Suite Variable" library="BuiltIn">
<arg>${KeywordOutput}</arg>
<arg>${EMPTY}</arg>
<doc>Makes a variable available everywhere within the scope of the current suite.</doc>
<msg timestamp="20220425 13:21:02.163" level="INFO">${KeywordOutput} = </msg>
<status status="PASS" starttime="20220425 13:21:02.163" endtime="20220425 13:21:02.164"/>
</kw>
<if>
<branch type="IF" condition="${BoundaryNum}&gt;100 or ${BoundaryNum}&lt;-100 or ${BoundaryNum}==13">
<kw name="Run Keyword And Return Status" library="BuiltIn">
<var>${Status}</var>
<arg>run keyword and expect error</arg>
<arg>System error</arg>
<arg>output</arg>
<arg>${BoundaryNum}</arg>
<doc>Runs the given keyword with given arguments and returns the status as a Boolean value.</doc>
<status status="NOT RUN" starttime="20220425 13:21:02.164" endtime="20220425 13:21:02.164"/>
</kw>
<if>
<branch type="IF" condition="${Status}">
<kw name="Set Suite Variable" library="BuiltIn">
<arg>${KeywordOutput}</arg>
<arg>System error</arg>
<doc>Makes a variable available everywhere within the scope of the current suite.</doc>
<status status="NOT RUN" starttime="20220425 13:21:02.164" endtime="20220425 13:21:02.164"/>
</kw>
<status status="NOT RUN" starttime="20220425 13:21:02.164" endtime="20220425 13:21:02.164"/>
</branch>
<branch type="ELSE">
<kw name="Set Suite Variable" library="BuiltIn">
<arg>${KeywordOutput}</arg>
<arg>Unexpected Error</arg>
<doc>Makes a variable available everywhere within the scope of the current suite.</doc>
<status status="NOT RUN" starttime="20220425 13:21:02.164" endtime="20220425 13:21:02.164"/>
</kw>
<status status="NOT RUN" starttime="20220425 13:21:02.164" endtime="20220425 13:21:02.164"/>
</branch>
<status status="NOT RUN" starttime="20220425 13:21:02.164" endtime="20220425 13:21:02.164"/>
</if>
<status status="NOT RUN" starttime="20220425 13:21:02.164" endtime="20220425 13:21:02.165"/>
</branch>
<branch type="ELSE">
<kw name="Run Keyword And Return Status" library="BuiltIn">
<var>${Status}</var>
<arg>output</arg>
<arg>${BoundaryNum}</arg>
<doc>Runs the given keyword with given arguments and returns the status as a Boolean value.</doc>
<kw name="Output" library="Function">
<arg>${BoundaryNum}</arg>
<msg timestamp="20220425 13:21:02.165" level="INFO">-1</msg>
<status status="PASS" starttime="20220425 13:21:02.165" endtime="20220425 13:21:02.165"/>
</kw>
<msg timestamp="20220425 13:21:02.165" level="INFO">${Status} = True</msg>
<status status="PASS" starttime="20220425 13:21:02.165" endtime="20220425 13:21:02.165"/>
</kw>
<if>
<branch type="IF" condition="${Status}">
<kw name="Evaluate" library="BuiltIn">
<var>${KeywordOutput}</var>
<arg>10//${BoundaryNum}</arg>
<doc>Evaluates the given expression in Python and returns the result.</doc>
<msg timestamp="20220425 13:21:02.166" level="INFO">${KeywordOutput} = -1</msg>
<status status="PASS" starttime="20220425 13:21:02.165" endtime="20220425 13:21:02.166"/>
</kw>
<status status="PASS" starttime="20220425 13:21:02.165" endtime="20220425 13:21:02.166"/>
</branch>
<branch type="ELSE">
<kw name="Set Suite Variable" library="BuiltIn">
<arg>${KeywordOutput}</arg>
<arg>System Error</arg>
<doc>Makes a variable available everywhere within the scope of the current suite.</doc>
<status status="NOT RUN" starttime="20220425 13:21:02.166" endtime="20220425 13:21:02.166"/>
</kw>
<status status="NOT RUN" starttime="20220425 13:21:02.166" endtime="20220425 13:21:02.166"/>
</branch>
<status status="PASS" starttime="20220425 13:21:02.165" endtime="20220425 13:21:02.166"/>
</if>
<status status="PASS" starttime="20220425 13:21:02.165" endtime="20220425 13:21:02.166"/>
</branch>
<status status="PASS" starttime="20220425 13:21:02.164" endtime="20220425 13:21:02.166"/>
</if>
<msg timestamp="20220425 13:21:02.166" level="INFO">${KeywordOutput} = -1</msg>
<status status="PASS" starttime="20220425 13:21:02.163" endtime="20220425 13:21:02.166"/>
</kw>
<if>
<branch type="IF" condition="'${KeywordOutput}' != '${EMPTY}'">
<kw name="Write Excel Cell" library="ExcelLibrary">
<arg>${ExcelRowNumber}</arg>
<arg>${OutputColumnIndex}</arg>
<arg>${KeywordOutput}</arg>
<arg>${InputSheet}</arg>
<doc>Writes value to the cell.</doc>
<status status="PASS" starttime="20220425 13:21:02.167" endtime="20220425 13:21:02.167"/>
</kw>
<status status="PASS" starttime="20220425 13:21:02.167" endtime="20220425 13:21:02.167"/>
</branch>
<branch type="ELSE">
<kw name="Write Excel Cell" library="ExcelLibrary">
<arg>${ExcelRowNumber}</arg>
<arg>${OutputColumnIndex}</arg>
<arg>${KeywordOutput}</arg>
<arg>${InputSheet}</arg>
<doc>Writes value to the cell.</doc>
<status status="NOT RUN" starttime="20220425 13:21:02.167" endtime="20220425 13:21:02.167"/>
</kw>
<status status="NOT RUN" starttime="20220425 13:21:02.167" endtime="20220425 13:21:02.167"/>
</branch>
<status status="PASS" starttime="20220425 13:21:02.166" endtime="20220425 13:21:02.167"/>
</if>
<kw name="Increment A Variable" library="ExcelFunctions">
<var>${ExcelRowNumber}</var>
<arg>${ExcelRowNumber}</arg>
<kw name="Evaluate" library="BuiltIn">
<var>${variableToBeIncremented}</var>
<arg>${variableToBeIncremented} + int(${1})</arg>
<doc>Evaluates the given expression in Python and returns the result.</doc>
<msg timestamp="20220425 13:21:02.169" level="INFO">${variableToBeIncremented} = 8</msg>
<status status="PASS" starttime="20220425 13:21:02.168" endtime="20220425 13:21:02.169"/>
</kw>
<msg timestamp="20220425 13:21:02.169" level="INFO">${ExcelRowNumber} = 8</msg>
<status status="PASS" starttime="20220425 13:21:02.167" endtime="20220425 13:21:02.169"/>
</kw>
<status status="PASS" starttime="20220425 13:21:02.163" endtime="20220425 13:21:02.169"/>
</iter>
<iter>
<var name="${EachNumbers}">-101</var>
<kw name="Check Boundary Values" library="TestFunctions">
<var>${KeywordOutput}</var>
<arg>${EachNumbers}</arg>
<doc>This Keyword will validate the pre, post and given value of the Funtion</doc>
<kw name="Set Suite Variable" library="BuiltIn">
<arg>${KeywordOutput}</arg>
<arg>${EMPTY}</arg>
<doc>Makes a variable available everywhere within the scope of the current suite.</doc>
<msg timestamp="20220425 13:21:02.170" level="INFO">${KeywordOutput} = </msg>
<status status="PASS" starttime="20220425 13:21:02.170" endtime="20220425 13:21:02.170"/>
</kw>
<if>
<branch type="IF" condition="${BoundaryNum}&gt;100 or ${BoundaryNum}&lt;-100 or ${BoundaryNum}==13">
<kw name="Run Keyword And Return Status" library="BuiltIn">
<var>${Status}</var>
<arg>run keyword and expect error</arg>
<arg>System error</arg>
<arg>output</arg>
<arg>${BoundaryNum}</arg>
<doc>Runs the given keyword with given arguments and returns the status as a Boolean value.</doc>
<kw name="Run Keyword And Expect Error" library="BuiltIn">
<arg>System error</arg>
<arg>output</arg>
<arg>${BoundaryNum}</arg>
<doc>Runs the keyword and checks that the expected error occurred.</doc>
<kw name="Output" library="Function">
<arg>${BoundaryNum}</arg>
<msg timestamp="20220425 13:21:02.172" level="FAIL">System error</msg>
<status status="FAIL" starttime="20220425 13:21:02.171" endtime="20220425 13:21:02.172"/>
</kw>
<status status="PASS" starttime="20220425 13:21:02.170" endtime="20220425 13:21:02.172"/>
</kw>
<msg timestamp="20220425 13:21:02.172" level="INFO">${Status} = True</msg>
<status status="PASS" starttime="20220425 13:21:02.170" endtime="20220425 13:21:02.172"/>
</kw>
<if>
<branch type="IF" condition="${Status}">
<kw name="Set Suite Variable" library="BuiltIn">
<arg>${KeywordOutput}</arg>
<arg>System error</arg>
<doc>Makes a variable available everywhere within the scope of the current suite.</doc>
<msg timestamp="20220425 13:21:02.173" level="INFO">${KeywordOutput} = System error</msg>
<status status="PASS" starttime="20220425 13:21:02.173" endtime="20220425 13:21:02.173"/>
</kw>
<status status="PASS" starttime="20220425 13:21:02.173" endtime="20220425 13:21:02.173"/>
</branch>
<branch type="ELSE">
<kw name="Set Suite Variable" library="BuiltIn">
<arg>${KeywordOutput}</arg>
<arg>Unexpected Error</arg>
<doc>Makes a variable available everywhere within the scope of the current suite.</doc>
<status status="NOT RUN" starttime="20220425 13:21:02.173" endtime="20220425 13:21:02.173"/>
</kw>
<status status="NOT RUN" starttime="20220425 13:21:02.173" endtime="20220425 13:21:02.173"/>
</branch>
<status status="PASS" starttime="20220425 13:21:02.172" endtime="20220425 13:21:02.173"/>
</if>
<status status="PASS" starttime="20220425 13:21:02.170" endtime="20220425 13:21:02.173"/>
</branch>
<branch type="ELSE">
<kw name="Run Keyword And Return Status" library="BuiltIn">
<var>${Status}</var>
<arg>output</arg>
<arg>${BoundaryNum}</arg>
<doc>Runs the given keyword with given arguments and returns the status as a Boolean value.</doc>
<status status="NOT RUN" starttime="20220425 13:21:02.174" endtime="20220425 13:21:02.174"/>
</kw>
<if>
<branch type="IF" condition="${Status}">
<kw name="Evaluate" library="BuiltIn">
<var>${KeywordOutput}</var>
<arg>10//${BoundaryNum}</arg>
<doc>Evaluates the given expression in Python and returns the result.</doc>
<status status="NOT RUN" starttime="20220425 13:21:02.174" endtime="20220425 13:21:02.174"/>
</kw>
<status status="NOT RUN" starttime="20220425 13:21:02.174" endtime="20220425 13:21:02.174"/>
</branch>
<branch type="ELSE">
<kw name="Set Suite Variable" library="BuiltIn">
<arg>${KeywordOutput}</arg>
<arg>System Error</arg>
<doc>Makes a variable available everywhere within the scope of the current suite.</doc>
<status status="NOT RUN" starttime="20220425 13:21:02.174" endtime="20220425 13:21:02.174"/>
</kw>
<status status="NOT RUN" starttime="20220425 13:21:02.174" endtime="20220425 13:21:02.174"/>
</branch>
<status status="NOT RUN" starttime="20220425 13:21:02.174" endtime="20220425 13:21:02.174"/>
</if>
<status status="NOT RUN" starttime="20220425 13:21:02.174" endtime="20220425 13:21:02.174"/>
</branch>
<status status="PASS" starttime="20220425 13:21:02.170" endtime="20220425 13:21:02.174"/>
</if>
<msg timestamp="20220425 13:21:02.175" level="INFO">${KeywordOutput} = System error</msg>
<status status="PASS" starttime="20220425 13:21:02.169" endtime="20220425 13:21:02.175"/>
</kw>
<if>
<branch type="IF" condition="'${KeywordOutput}' != '${EMPTY}'">
<kw name="Write Excel Cell" library="ExcelLibrary">
<arg>${ExcelRowNumber}</arg>
<arg>${OutputColumnIndex}</arg>
<arg>${KeywordOutput}</arg>
<arg>${InputSheet}</arg>
<doc>Writes value to the cell.</doc>
<status status="PASS" starttime="20220425 13:21:02.175" endtime="20220425 13:21:02.176"/>
</kw>
<status status="PASS" starttime="20220425 13:21:02.175" endtime="20220425 13:21:02.176"/>
</branch>
<branch type="ELSE">
<kw name="Write Excel Cell" library="ExcelLibrary">
<arg>${ExcelRowNumber}</arg>
<arg>${OutputColumnIndex}</arg>
<arg>${KeywordOutput}</arg>
<arg>${InputSheet}</arg>
<doc>Writes value to the cell.</doc>
<status status="NOT RUN" starttime="20220425 13:21:02.176" endtime="20220425 13:21:02.176"/>
</kw>
<status status="NOT RUN" starttime="20220425 13:21:02.176" endtime="20220425 13:21:02.176"/>
</branch>
<status status="PASS" starttime="20220425 13:21:02.175" endtime="20220425 13:21:02.176"/>
</if>
<kw name="Increment A Variable" library="ExcelFunctions">
<var>${ExcelRowNumber}</var>
<arg>${ExcelRowNumber}</arg>
<kw name="Evaluate" library="BuiltIn">
<var>${variableToBeIncremented}</var>
<arg>${variableToBeIncremented} + int(${1})</arg>
<doc>Evaluates the given expression in Python and returns the result.</doc>
<msg timestamp="20220425 13:21:02.177" level="INFO">${variableToBeIncremented} = 9</msg>
<status status="PASS" starttime="20220425 13:21:02.176" endtime="20220425 13:21:02.177"/>
</kw>
<msg timestamp="20220425 13:21:02.177" level="INFO">${ExcelRowNumber} = 9</msg>
<status status="PASS" starttime="20220425 13:21:02.176" endtime="20220425 13:21:02.177"/>
</kw>
<status status="PASS" starttime="20220425 13:21:02.169" endtime="20220425 13:21:02.177"/>
</iter>
<iter>
<var name="${EachNumbers}">12</var>
<kw name="Check Boundary Values" library="TestFunctions">
<var>${KeywordOutput}</var>
<arg>${EachNumbers}</arg>
<doc>This Keyword will validate the pre, post and given value of the Funtion</doc>
<kw name="Set Suite Variable" library="BuiltIn">
<arg>${KeywordOutput}</arg>
<arg>${EMPTY}</arg>
<doc>Makes a variable available everywhere within the scope of the current suite.</doc>
<msg timestamp="20220425 13:21:02.178" level="INFO">${KeywordOutput} = </msg>
<status status="PASS" starttime="20220425 13:21:02.178" endtime="20220425 13:21:02.178"/>
</kw>
<if>
<branch type="IF" condition="${BoundaryNum}&gt;100 or ${BoundaryNum}&lt;-100 or ${BoundaryNum}==13">
<kw name="Run Keyword And Return Status" library="BuiltIn">
<var>${Status}</var>
<arg>run keyword and expect error</arg>
<arg>System error</arg>
<arg>output</arg>
<arg>${BoundaryNum}</arg>
<doc>Runs the given keyword with given arguments and returns the status as a Boolean value.</doc>
<status status="NOT RUN" starttime="20220425 13:21:02.179" endtime="20220425 13:21:02.179"/>
</kw>
<if>
<branch type="IF" condition="${Status}">
<kw name="Set Suite Variable" library="BuiltIn">
<arg>${KeywordOutput}</arg>
<arg>System error</arg>
<doc>Makes a variable available everywhere within the scope of the current suite.</doc>
<status status="NOT RUN" starttime="20220425 13:21:02.179" endtime="20220425 13:21:02.179"/>
</kw>
<status status="NOT RUN" starttime="20220425 13:21:02.179" endtime="20220425 13:21:02.179"/>
</branch>
<branch type="ELSE">
<kw name="Set Suite Variable" library="BuiltIn">
<arg>${KeywordOutput}</arg>
<arg>Unexpected Error</arg>
<doc>Makes a variable available everywhere within the scope of the current suite.</doc>
<status status="NOT RUN" starttime="20220425 13:21:02.179" endtime="20220425 13:21:02.179"/>
</kw>
<status status="NOT RUN" starttime="20220425 13:21:02.179" endtime="20220425 13:21:02.179"/>
</branch>
<status status="NOT RUN" starttime="20220425 13:21:02.179" endtime="20220425 13:21:02.179"/>
</if>
<status status="NOT RUN" starttime="20220425 13:21:02.179" endtime="20220425 13:21:02.179"/>
</branch>
<branch type="ELSE">
<kw name="Run Keyword And Return Status" library="BuiltIn">
<var>${Status}</var>
<arg>output</arg>
<arg>${BoundaryNum}</arg>
<doc>Runs the given keyword with given arguments and returns the status as a Boolean value.</doc>
<kw name="Output" library="Function">
<arg>${BoundaryNum}</arg>
<msg timestamp="20220425 13:21:02.180" level="INFO">0</msg>
<status status="PASS" starttime="20220425 13:21:02.180" endtime="20220425 13:21:02.180"/>
</kw>
<msg timestamp="20220425 13:21:02.180" level="INFO">${Status} = True</msg>
<status status="PASS" starttime="20220425 13:21:02.179" endtime="20220425 13:21:02.180"/>
</kw>
<if>
<branch type="IF" condition="${Status}">
<kw name="Evaluate" library="BuiltIn">
<var>${KeywordOutput}</var>
<arg>10//${BoundaryNum}</arg>
<doc>Evaluates the given expression in Python and returns the result.</doc>
<msg timestamp="20220425 13:21:02.180" level="INFO">${KeywordOutput} = 0</msg>
<status status="PASS" starttime="20220425 13:21:02.180" endtime="20220425 13:21:02.180"/>
</kw>
<status status="PASS" starttime="20220425 13:21:02.180" endtime="20220425 13:21:02.180"/>
</branch>
<branch type="ELSE">
<kw name="Set Suite Variable" library="BuiltIn">
<arg>${KeywordOutput}</arg>
<arg>System Error</arg>
<doc>Makes a variable available everywhere within the scope of the current suite.</doc>
<status status="NOT RUN" starttime="20220425 13:21:02.181" endtime="20220425 13:21:02.181"/>
</kw>
<status status="NOT RUN" starttime="20220425 13:21:02.180" endtime="20220425 13:21:02.181"/>
</branch>
<status status="PASS" starttime="20220425 13:21:02.180" endtime="20220425 13:21:02.181"/>
</if>
<status status="PASS" starttime="20220425 13:21:02.179" endtime="20220425 13:21:02.181"/>
</branch>
<status status="PASS" starttime="20220425 13:21:02.178" endtime="20220425 13:21:02.181"/>
</if>
<msg timestamp="20220425 13:21:02.181" level="INFO">${KeywordOutput} = 0</msg>
<status status="PASS" starttime="20220425 13:21:02.178" endtime="20220425 13:21:02.181"/>
</kw>
<if>
<branch type="IF" condition="'${KeywordOutput}' != '${EMPTY}'">
<kw name="Write Excel Cell" library="ExcelLibrary">
<arg>${ExcelRowNumber}</arg>
<arg>${OutputColumnIndex}</arg>
<arg>${KeywordOutput}</arg>
<arg>${InputSheet}</arg>
<doc>Writes value to the cell.</doc>
<status status="PASS" starttime="20220425 13:21:02.181" endtime="20220425 13:21:02.182"/>
</kw>
<status status="PASS" starttime="20220425 13:21:02.181" endtime="20220425 13:21:02.182"/>
</branch>
<branch type="ELSE">
<kw name="Write Excel Cell" library="ExcelLibrary">
<arg>${ExcelRowNumber}</arg>
<arg>${OutputColumnIndex}</arg>
<arg>${KeywordOutput}</arg>
<arg>${InputSheet}</arg>
<doc>Writes value to the cell.</doc>
<status status="NOT RUN" starttime="20220425 13:21:02.182" endtime="20220425 13:21:02.182"/>
</kw>
<status status="NOT RUN" starttime="20220425 13:21:02.182" endtime="20220425 13:21:02.182"/>
</branch>
<status status="PASS" starttime="20220425 13:21:02.181" endtime="20220425 13:21:02.182"/>
</if>
<kw name="Increment A Variable" library="ExcelFunctions">
<var>${ExcelRowNumber}</var>
<arg>${ExcelRowNumber}</arg>
<kw name="Evaluate" library="BuiltIn">
<var>${variableToBeIncremented}</var>
<arg>${variableToBeIncremented} + int(${1})</arg>
<doc>Evaluates the given expression in Python and returns the result.</doc>
<msg timestamp="20220425 13:21:02.183" level="INFO">${variableToBeIncremented} = 10</msg>
<status status="PASS" starttime="20220425 13:21:02.182" endtime="20220425 13:21:02.183"/>
</kw>
<msg timestamp="20220425 13:21:02.183" level="INFO">${ExcelRowNumber} = 10</msg>
<status status="PASS" starttime="20220425 13:21:02.182" endtime="20220425 13:21:02.183"/>
</kw>
<status status="PASS" starttime="20220425 13:21:02.177" endtime="20220425 13:21:02.183"/>
</iter>
<status status="PASS" starttime="20220425 13:21:02.126" endtime="20220425 13:21:02.183"/>
</for>
<doc>This test case will test the funtion with the lower and higher boundary values</doc>
<status status="PASS" starttime="20220425 13:21:02.117" endtime="20220425 13:21:02.184"/>
</test>
<kw name="Save and Close Excel Document" library="ExcelFunctions" type="TEARDOWN">
<doc>Save Excel Document in environnment variable 'InputExcelPath' and close the excel document</doc>
<kw name="Get Input Excel Environment Variable" library="ExcelFunctions">
<var>${InputExcelPath}</var>
<arg>inputExcelPath</arg>
<kw name="Get Environment Variable" library="OperatingSystem">
<var>${inputExcelPath}</var>
<arg>${environmentVariableName}</arg>
<doc>Returns the value of an environment variable with the given name.</doc>
<msg timestamp="20220425 13:21:02.187" level="INFO">${inputExcelPath} = C:\Rough\Global Logic\GlobalLogic_Test_Values.xlsx</msg>
<status status="PASS" starttime="20220425 13:21:02.186" endtime="20220425 13:21:02.187"/>
</kw>
<msg timestamp="20220425 13:21:02.187" level="INFO">${InputExcelPath} = C:\Rough\Global Logic\GlobalLogic_Test_Values.xlsx</msg>
<status status="PASS" starttime="20220425 13:21:02.186" endtime="20220425 13:21:02.187"/>
</kw>
<kw name="Save Excel Document" library="ExcelLibrary">
<arg>${InputExcelPath}</arg>
<doc>Saves the current document to disk.</doc>
<status status="PASS" starttime="20220425 13:21:02.187" endtime="20220425 13:21:02.208"/>
</kw>
<kw name="Close Current Excel Document" library="ExcelLibrary">
<doc>Closes current document.</doc>
<status status="PASS" starttime="20220425 13:21:02.208" endtime="20220425 13:21:02.208"/>
</kw>
<status status="PASS" starttime="20220425 13:21:02.186" endtime="20220425 13:21:02.208"/>
</kw>
<doc>This File contains all the steps required for the Code Validation</doc>
<status status="PASS" starttime="20220425 13:21:01.064" endtime="20220425 13:21:02.208"/>
</suite>
<statistics>
<total>
<stat pass="1" fail="0" skip="0">All Tests</stat>
</total>
<tag>
</tag>
<suite>
<stat pass="1" fail="0" skip="0" id="s1" name="MainFile">MainFile</stat>
</suite>
</statistics>
<errors>
</errors>
</robot>
